<?xml version="1.0" encoding="UTF-8"?>
<testsuite name="banking.CommandProcessorTest" tests="3" skipped="0" failures="0" errors="0" timestamp="2023-12-11T23:24:34" hostname="n3-95-225.dhcp.drexel.edu" time="0.002">
  <properties/>
  <testcase name="withdrawCommandBeingProcessed()" classname="banking.CommandProcessorTest" time="0.001"/>
  <testcase name="createCommandBeingProcessed()" classname="banking.CommandProcessorTest" time="0.0"/>
  <testcase name="depositCommandBeingProcessed()" classname="banking.CommandProcessorTest" time="0.001"/>
  <system-out><![CDATA[]]></system-out>
  <system-err><![CDATA[]]></system-err>
</testsuite>
