<?xml version="1.0" encoding="UTF-8"?>
<testsuite name="banking.BankTest" tests="9" skipped="0" failures="0" errors="0" timestamp="2023-12-11T23:24:35" hostname="n3-95-225.dhcp.drexel.edu" time="0.004">
  <properties/>
  <testcase name="withdraw_money_by_ID_through_bank_twice()" classname="banking.BankTest" time="0.002"/>
  <testcase name="bank_has_2_accounts_added()" classname="banking.BankTest" time="0.0"/>
  <testcase name="deposit_money_by_ID_through_bank_twice()" classname="banking.BankTest" time="0.001"/>
  <testcase name="bank_initially_has_no_accounts()" classname="banking.BankTest" time="0.0"/>
  <testcase name="withdraw_money_by_ID_through_bank()" classname="banking.BankTest" time="0.0"/>
  <testcase name="deposit_money_by_ID_through_bank()" classname="banking.BankTest" time="0.001"/>
  <testcase name="correct_account_is_retrieved_from_bank()" classname="banking.BankTest" time="0.0"/>
  <testcase name="retrieve_an_account_through_ID()" classname="banking.BankTest" time="0.0"/>
  <testcase name="bank_has_1_account_added()" classname="banking.BankTest" time="0.0"/>
  <system-out><![CDATA[]]></system-out>
  <system-err><![CDATA[]]></system-err>
</testsuite>
