<?xml version="1.0" encoding="UTF-8"?>
<testsuite name="banking.CommandProcessorDepositTest" tests="5" skipped="0" failures="0" errors="0" timestamp="2023-12-11T23:24:35" hostname="n3-95-225.dhcp.drexel.edu" time="0.001">
  <properties/>
  <testcase name="deposit_into_savings_account_twice()" classname="banking.CommandProcessorDepositTest" time="0.0"/>
  <testcase name="deposit_into_non_empty_savings_account()" classname="banking.CommandProcessorDepositTest" time="0.001"/>
  <testcase name="deposit_into_non_empty_checking_account()" classname="banking.CommandProcessorDepositTest" time="0.0"/>
  <testcase name="deposit_into_empty_checking_account()" classname="banking.CommandProcessorDepositTest" time="0.0"/>
  <testcase name="deposit_into_empty_savings_account()" classname="banking.CommandProcessorDepositTest" time="0.0"/>
  <system-out><![CDATA[]]></system-out>
  <system-err><![CDATA[]]></system-err>
</testsuite>
